xilinx rtfpga
rt::do_reinfer_area_combined 0
INFO: [Synth 8-12192] Not enough pipeline registers after wide multiplier. Pipeline registers present is 0. Recommended levels of pipeline registers is 3. [F:/RF_cnn/CONV1_21/project_1/rtl/cnn1d_complex_conv_same_layer_fpga_mix12.v:130]
INFO: [Synth 8-12192] Not enough pipeline registers after wide multiplier. Pipeline registers present is 0. Recommended levels of pipeline registers is 3. [F:/RF_cnn/CONV1_21/project_1/rtl/cnn1d_complex_conv_same_layer_fpga_mix12.v:129]
INFO: [Synth 8-12192] Not enough pipeline registers after wide multiplier. Pipeline registers present is 0. Recommended levels of pipeline registers is 3. [F:/RF_cnn/CONV1_21/project_1/rtl/cnn1d_complex_conv_same_layer_fpga_mix12.v:128]
INFO: [Synth 8-12192] Not enough pipeline registers after wide multiplier. Pipeline registers present is 0. Recommended levels of pipeline registers is 3. [F:/RF_cnn/CONV1_21/project_1/rtl/cnn1d_complex_conv_same_layer_fpga_mix12.v:127]
INFO: [Synth 8-12192] Not enough pipeline registers after wide multiplier. Pipeline registers present is 0. Recommended levels of pipeline registers is 3. [F:/RF_cnn/CONV1_21/project_1/rtl/cnn1d_complex_conv_same_layer_fpga_mix12.v:130]
INFO: [Synth 8-12192] Not enough pipeline registers after wide multiplier. Pipeline registers present is 0. Recommended levels of pipeline registers is 3. [F:/RF_cnn/CONV1_21/project_1/rtl/cnn1d_complex_conv_same_layer_fpga_mix12.v:129]
INFO: [Synth 8-12192] Not enough pipeline registers after wide multiplier. Pipeline registers present is 0. Recommended levels of pipeline registers is 3. [F:/RF_cnn/CONV1_21/project_1/rtl/cnn1d_complex_conv_same_layer_fpga_mix12.v:128]
INFO: [Synth 8-12192] Not enough pipeline registers after wide multiplier. Pipeline registers present is 0. Recommended levels of pipeline registers is 3. [F:/RF_cnn/CONV1_21/project_1/rtl/cnn1d_complex_conv_same_layer_fpga_mix12.v:127]
INFO: [Synth 8-12192] Not enough pipeline registers after wide multiplier. Pipeline registers present is 0. Recommended levels of pipeline registers is 3. [F:/RF_cnn/CONV1_21/project_1/rtl/cnn1d_complex_conv_same_layer_fpga_mix12.v:130]
INFO: [Synth 8-12192] Not enough pipeline registers after wide multiplier. Pipeline registers present is 0. Recommended levels of pipeline registers is 3. [F:/RF_cnn/CONV1_21/project_1/rtl/cnn1d_complex_conv_same_layer_fpga_mix12.v:129]
INFO: [Synth 8-12192] Not enough pipeline registers after wide multiplier. Pipeline registers present is 0. Recommended levels of pipeline registers is 3. [F:/RF_cnn/CONV1_21/project_1/rtl/cnn1d_complex_conv_same_layer_fpga_mix12.v:128]
INFO: [Synth 8-12192] Not enough pipeline registers after wide multiplier. Pipeline registers present is 0. Recommended levels of pipeline registers is 3. [F:/RF_cnn/CONV1_21/project_1/rtl/cnn1d_complex_conv_same_layer_fpga_mix12.v:127]
INFO: [Synth 8-12192] Not enough pipeline registers after wide multiplier. Pipeline registers present is 0. Recommended levels of pipeline registers is 3. [F:/RF_cnn/CONV1_21/project_1/rtl/cnn1d_complex_conv_same_layer_fpga_mix12.v:130]
INFO: [Synth 8-12192] Not enough pipeline registers after wide multiplier. Pipeline registers present is 0. Recommended levels of pipeline registers is 3. [F:/RF_cnn/CONV1_21/project_1/rtl/cnn1d_complex_conv_same_layer_fpga_mix12.v:129]
INFO: [Synth 8-12192] Not enough pipeline registers after wide multiplier. Pipeline registers present is 0. Recommended levels of pipeline registers is 3. [F:/RF_cnn/CONV1_21/project_1/rtl/cnn1d_complex_conv_same_layer_fpga_mix12.v:128]
INFO: [Synth 8-12192] Not enough pipeline registers after wide multiplier. Pipeline registers present is 0. Recommended levels of pipeline registers is 3. [F:/RF_cnn/CONV1_21/project_1/rtl/cnn1d_complex_conv_same_layer_fpga_mix12.v:127]
INFO: [Synth 8-12192] Not enough pipeline registers after wide multiplier. Pipeline registers present is 0. Recommended levels of pipeline registers is 3. [F:/RF_cnn/CONV1_21/project_1/rtl/cnn1d_complex_conv_same_layer_fpga_mix12.v:130]
INFO: [Synth 8-12192] Not enough pipeline registers after wide multiplier. Pipeline registers present is 0. Recommended levels of pipeline registers is 3. [F:/RF_cnn/CONV1_21/project_1/rtl/cnn1d_complex_conv_same_layer_fpga_mix12.v:129]
INFO: [Synth 8-12192] Not enough pipeline registers after wide multiplier. Pipeline registers present is 0. Recommended levels of pipeline registers is 3. [F:/RF_cnn/CONV1_21/project_1/rtl/cnn1d_complex_conv_same_layer_fpga_mix12.v:128]
INFO: [Synth 8-12192] Not enough pipeline registers after wide multiplier. Pipeline registers present is 0. Recommended levels of pipeline registers is 3. [F:/RF_cnn/CONV1_21/project_1/rtl/cnn1d_complex_conv_same_layer_fpga_mix12.v:127]
INFO: [Synth 8-12192] Not enough pipeline registers after wide multiplier. Pipeline registers present is 0. Recommended levels of pipeline registers is 3. [F:/RF_cnn/CONV1_21/project_1/rtl/cnn1d_complex_conv_same_layer_fpga_mix12.v:130]
INFO: [Synth 8-12192] Not enough pipeline registers after wide multiplier. Pipeline registers present is 0. Recommended levels of pipeline registers is 3. [F:/RF_cnn/CONV1_21/project_1/rtl/cnn1d_complex_conv_same_layer_fpga_mix12.v:129]
INFO: [Synth 8-12192] Not enough pipeline registers after wide multiplier. Pipeline registers present is 0. Recommended levels of pipeline registers is 3. [F:/RF_cnn/CONV1_21/project_1/rtl/cnn1d_complex_conv_same_layer_fpga_mix12.v:128]
INFO: [Synth 8-12192] Not enough pipeline registers after wide multiplier. Pipeline registers present is 0. Recommended levels of pipeline registers is 3. [F:/RF_cnn/CONV1_21/project_1/rtl/cnn1d_complex_conv_same_layer_fpga_mix12.v:127]
INFO: [Synth 8-5544] ROM "u_conv2/feat_rd_addr" won't be mapped to Block RAM because address size (4) smaller than threshold (5)
INFO: [Synth 8-5544] ROM "u_conv2/in_range_reg" won't be mapped to Block RAM because address size (4) smaller than threshold (5)
INFO: [Synth 8-5544] ROM "u_conv2/sample_idx_reg" won't be mapped to Block RAM because address size (4) smaller than threshold (5)
INFO: [Synth 8-5544] ROM "u_conv2/feat_wr_en" won't be mapped to Block RAM because address size (4) smaller than threshold (5)
INFO: [Synth 8-5544] ROM "u_conv2/feat_wr_data" won't be mapped to Block RAM because address size (4) smaller than threshold (5)
INFO: [Synth 8-5544] ROM "u_conv2/sample_real_reg" won't be mapped to Block RAM because address size (4) smaller than threshold (5)
DSP Report: Generating DSP u_conv3/feat_rd_addr2, operation Mode is: (D+(A:0x1))*(B:0xfa).
DSP Report: operator u_conv3/feat_rd_addr2 is absorbed into DSP u_conv3/feat_rd_addr2.
DSP Report: operator u_conv3/feat_rd_addr3 is absorbed into DSP u_conv3/feat_rd_addr2.
DSP Report: Generating DSP u_conv3/feat_wr_addr2, operation Mode is: (D+(A:0x1))*(B:0xfa).
DSP Report: operator u_conv3/feat_wr_addr2 is absorbed into DSP u_conv3/feat_wr_addr2.
DSP Report: operator u_conv3/feat_wr_addr3 is absorbed into DSP u_conv3/feat_wr_addr2.
DSP Report: Generating DSP u_conv3/mul_ir_term, operation Mode is: A*B.
DSP Report: operator u_conv3/mul_ir_term is absorbed into DSP u_conv3/mul_ir_term.
DSP Report: operator u_conv3/mul_ir_term is absorbed into DSP u_conv3/mul_ir_term.
DSP Report: Generating DSP u_conv3/mul_ir_term, operation Mode is: A*B.
DSP Report: operator u_conv3/mul_ir_term is absorbed into DSP u_conv3/mul_ir_term.
DSP Report: operator u_conv3/mul_ir_term is absorbed into DSP u_conv3/mul_ir_term.
DSP Report: Generating DSP u_conv3/mul_ir_term, operation Mode is: (PCIN>>17)+A*B.
DSP Report: operator u_conv3/mul_ir_term is absorbed into DSP u_conv3/mul_ir_term.
DSP Report: operator u_conv3/mul_ir_term is absorbed into DSP u_conv3/mul_ir_term.
DSP Report: Generating DSP u_conv3/mul_ri_term, operation Mode is: A*B.
DSP Report: operator u_conv3/mul_ri_term is absorbed into DSP u_conv3/mul_ri_term.
DSP Report: operator u_conv3/mul_ri_term is absorbed into DSP u_conv3/mul_ri_term.
DSP Report: Generating DSP u_conv3/mul_ri_term, operation Mode is: A*B.
DSP Report: operator u_conv3/mul_ri_term is absorbed into DSP u_conv3/mul_ri_term.
DSP Report: operator u_conv3/mul_ri_term is absorbed into DSP u_conv3/mul_ri_term.
DSP Report: Generating DSP u_conv3/mul_ri_term, operation Mode is: (PCIN>>17)+A*B.
DSP Report: operator u_conv3/mul_ri_term is absorbed into DSP u_conv3/mul_ri_term.
DSP Report: operator u_conv3/mul_ri_term is absorbed into DSP u_conv3/mul_ri_term.
DSP Report: Generating DSP u_conv3/mul_ii_term, operation Mode is: A*B.
DSP Report: operator u_conv3/mul_ii_term is absorbed into DSP u_conv3/mul_ii_term.
DSP Report: operator u_conv3/mul_ii_term is absorbed into DSP u_conv3/mul_ii_term.
DSP Report: Generating DSP u_conv3/mul_ii_term, operation Mode is: A*B.
DSP Report: operator u_conv3/mul_ii_term is absorbed into DSP u_conv3/mul_ii_term.
DSP Report: operator u_conv3/mul_ii_term is absorbed into DSP u_conv3/mul_ii_term.
DSP Report: Generating DSP u_conv3/mul_ii_term, operation Mode is: (PCIN>>17)+A*B.
DSP Report: operator u_conv3/mul_ii_term is absorbed into DSP u_conv3/mul_ii_term.
DSP Report: operator u_conv3/mul_ii_term is absorbed into DSP u_conv3/mul_ii_term.
DSP Report: Generating DSP u_conv3/mul_rr_term, operation Mode is: A*B.
DSP Report: operator u_conv3/mul_rr_term is absorbed into DSP u_conv3/mul_rr_term.
DSP Report: operator u_conv3/mul_rr_term is absorbed into DSP u_conv3/mul_rr_term.
DSP Report: Generating DSP u_conv3/mul_rr_term, operation Mode is: A*B.
DSP Report: operator u_conv3/mul_rr_term is absorbed into DSP u_conv3/mul_rr_term.
DSP Report: operator u_conv3/mul_rr_term is absorbed into DSP u_conv3/mul_rr_term.
DSP Report: Generating DSP u_conv3/mul_rr_term, operation Mode is: (PCIN>>17)+A*B.
DSP Report: operator u_conv3/mul_rr_term is absorbed into DSP u_conv3/mul_rr_term.
DSP Report: operator u_conv3/mul_rr_term is absorbed into DSP u_conv3/mul_rr_term.
DSP Report: Generating DSP u_conv4/feat_rd_addr2, operation Mode is: (D+(A:0x1))*(B:0x7d).
DSP Report: operator u_conv4/feat_rd_addr2 is absorbed into DSP u_conv4/feat_rd_addr2.
DSP Report: operator u_conv4/feat_rd_addr3 is absorbed into DSP u_conv4/feat_rd_addr2.
DSP Report: Generating DSP u_conv4/feat_wr_addr2, operation Mode is: (D+(A:0x1))*(B:0x7d).
DSP Report: operator u_conv4/feat_wr_addr2 is absorbed into DSP u_conv4/feat_wr_addr2.
DSP Report: operator u_conv4/feat_wr_addr3 is absorbed into DSP u_conv4/feat_wr_addr2.
DSP Report: Generating DSP u_conv4/mul_ir_term, operation Mode is: A*B.
DSP Report: operator u_conv4/mul_ir_term is absorbed into DSP u_conv4/mul_ir_term.
DSP Report: operator u_conv4/mul_ir_term is absorbed into DSP u_conv4/mul_ir_term.
DSP Report: Generating DSP u_conv4/mul_ir_term, operation Mode is: A*B.
DSP Report: operator u_conv4/mul_ir_term is absorbed into DSP u_conv4/mul_ir_term.
DSP Report: operator u_conv4/mul_ir_term is absorbed into DSP u_conv4/mul_ir_term.
DSP Report: Generating DSP u_conv4/mul_ir_term, operation Mode is: (PCIN>>17)+A*B.
DSP Report: operator u_conv4/mul_ir_term is absorbed into DSP u_conv4/mul_ir_term.
DSP Report: operator u_conv4/mul_ir_term is absorbed into DSP u_conv4/mul_ir_term.
DSP Report: Generating DSP u_conv4/mul_ri_term, operation Mode is: A*B.
DSP Report: operator u_conv4/mul_ri_term is absorbed into DSP u_conv4/mul_ri_term.
DSP Report: operator u_conv4/mul_ri_term is absorbed into DSP u_conv4/mul_ri_term.
DSP Report: Generating DSP u_conv4/mul_ri_term, operation Mode is: A*B.
DSP Report: operator u_conv4/mul_ri_term is absorbed into DSP u_conv4/mul_ri_term.
DSP Report: operator u_conv4/mul_ri_term is absorbed into DSP u_conv4/mul_ri_term.
DSP Report: Generating DSP u_conv4/mul_ri_term, operation Mode is: (PCIN>>17)+A*B.
DSP Report: operator u_conv4/mul_ri_term is absorbed into DSP u_conv4/mul_ri_term.
DSP Report: operator u_conv4/mul_ri_term is absorbed into DSP u_conv4/mul_ri_term.
DSP Report: Generating DSP u_conv4/mul_ii_term, operation Mode is: A*B.
DSP Report: operator u_conv4/mul_ii_term is absorbed into DSP u_conv4/mul_ii_term.
DSP Report: operator u_conv4/mul_ii_term is absorbed into DSP u_conv4/mul_ii_term.
DSP Report: Generating DSP u_conv4/mul_ii_term, operation Mode is: A*B.
DSP Report: operator u_conv4/mul_ii_term is absorbed into DSP u_conv4/mul_ii_term.
DSP Report: operator u_conv4/mul_ii_term is absorbed into DSP u_conv4/mul_ii_term.
DSP Report: Generating DSP u_conv4/mul_ii_term, operation Mode is: (PCIN>>17)+A*B.
DSP Report: operator u_conv4/mul_ii_term is absorbed into DSP u_conv4/mul_ii_term.
DSP Report: operator u_conv4/mul_ii_term is absorbed into DSP u_conv4/mul_ii_term.
DSP Report: Generating DSP u_conv4/mul_rr_term, operation Mode is: A*B.
DSP Report: operator u_conv4/mul_rr_term is absorbed into DSP u_conv4/mul_rr_term.
DSP Report: operator u_conv4/mul_rr_term is absorbed into DSP u_conv4/mul_rr_term.
DSP Report: Generating DSP u_conv4/mul_rr_term, operation Mode is: A*B.
DSP Report: operator u_conv4/mul_rr_term is absorbed into DSP u_conv4/mul_rr_term.
DSP Report: operator u_conv4/mul_rr_term is absorbed into DSP u_conv4/mul_rr_term.
DSP Report: Generating DSP u_conv4/mul_rr_term, operation Mode is: (PCIN>>17)+A*B.
DSP Report: operator u_conv4/mul_rr_term is absorbed into DSP u_conv4/mul_rr_term.
DSP Report: operator u_conv4/mul_rr_term is absorbed into DSP u_conv4/mul_rr_term.
DSP Report: Generating DSP u_conv5/feat_rd_addr2, operation Mode is: (D+(A:0x1))*(B:0x3e).
DSP Report: operator u_conv5/feat_rd_addr2 is absorbed into DSP u_conv5/feat_rd_addr2.
DSP Report: operator u_conv5/feat_rd_addr3 is absorbed into DSP u_conv5/feat_rd_addr2.
DSP Report: Generating DSP u_conv5/feat_wr_addr2, operation Mode is: (D+(A:0x1))*(B:0x3e).
DSP Report: operator u_conv5/feat_wr_addr2 is absorbed into DSP u_conv5/feat_wr_addr2.
DSP Report: operator u_conv5/feat_wr_addr3 is absorbed into DSP u_conv5/feat_wr_addr2.
DSP Report: Generating DSP u_conv5/mul_ir_term, operation Mode is: A*B.
DSP Report: operator u_conv5/mul_ir_term is absorbed into DSP u_conv5/mul_ir_term.
DSP Report: operator u_conv5/mul_ir_term is absorbed into DSP u_conv5/mul_ir_term.
DSP Report: Generating DSP u_conv5/mul_ir_term, operation Mode is: A*B.
DSP Report: operator u_conv5/mul_ir_term is absorbed into DSP u_conv5/mul_ir_term.
DSP Report: operator u_conv5/mul_ir_term is absorbed into DSP u_conv5/mul_ir_term.
DSP Report: Generating DSP u_conv5/mul_ir_term, operation Mode is: (PCIN>>17)+A*B.
DSP Report: operator u_conv5/mul_ir_term is absorbed into DSP u_conv5/mul_ir_term.
DSP Report: operator u_conv5/mul_ir_term is absorbed into DSP u_conv5/mul_ir_term.
DSP Report: Generating DSP u_conv5/mul_ri_term, operation Mode is: A*B.
DSP Report: operator u_conv5/mul_ri_term is absorbed into DSP u_conv5/mul_ri_term.
DSP Report: operator u_conv5/mul_ri_term is absorbed into DSP u_conv5/mul_ri_term.
DSP Report: Generating DSP u_conv5/mul_ri_term, operation Mode is: A*B.
DSP Report: operator u_conv5/mul_ri_term is absorbed into DSP u_conv5/mul_ri_term.
DSP Report: operator u_conv5/mul_ri_term is absorbed into DSP u_conv5/mul_ri_term.
DSP Report: Generating DSP u_conv5/mul_ri_term, operation Mode is: (PCIN>>17)+A*B.
DSP Report: operator u_conv5/mul_ri_term is absorbed into DSP u_conv5/mul_ri_term.
DSP Report: operator u_conv5/mul_ri_term is absorbed into DSP u_conv5/mul_ri_term.
DSP Report: Generating DSP u_conv5/mul_ii_term, operation Mode is: A*B.
DSP Report: operator u_conv5/mul_ii_term is absorbed into DSP u_conv5/mul_ii_term.
DSP Report: operator u_conv5/mul_ii_term is absorbed into DSP u_conv5/mul_ii_term.
DSP Report: Generating DSP u_conv5/mul_ii_term, operation Mode is: A*B.
DSP Report: operator u_conv5/mul_ii_term is absorbed into DSP u_conv5/mul_ii_term.
DSP Report: operator u_conv5/mul_ii_term is absorbed into DSP u_conv5/mul_ii_term.
DSP Report: Generating DSP u_conv5/mul_ii_term, operation Mode is: (PCIN>>17)+A*B.
DSP Report: operator u_conv5/mul_ii_term is absorbed into DSP u_conv5/mul_ii_term.
DSP Report: operator u_conv5/mul_ii_term is absorbed into DSP u_conv5/mul_ii_term.
DSP Report: Generating DSP u_conv5/mul_rr_term, operation Mode is: A*B.
DSP Report: operator u_conv5/mul_rr_term is absorbed into DSP u_conv5/mul_rr_term.
DSP Report: operator u_conv5/mul_rr_term is absorbed into DSP u_conv5/mul_rr_term.
DSP Report: Generating DSP u_conv5/mul_rr_term, operation Mode is: A*B.
DSP Report: operator u_conv5/mul_rr_term is absorbed into DSP u_conv5/mul_rr_term.
DSP Report: operator u_conv5/mul_rr_term is absorbed into DSP u_conv5/mul_rr_term.
DSP Report: Generating DSP u_conv5/mul_rr_term, operation Mode is: (PCIN>>17)+A*B.
DSP Report: operator u_conv5/mul_rr_term is absorbed into DSP u_conv5/mul_rr_term.
DSP Report: operator u_conv5/mul_rr_term is absorbed into DSP u_conv5/mul_rr_term.
DSP Report: Generating DSP u_conv8/mul_ir_term, operation Mode is: A*B.
DSP Report: operator u_conv8/mul_ir_term is absorbed into DSP u_conv8/mul_ir_term.
DSP Report: operator u_conv8/mul_ir_term is absorbed into DSP u_conv8/mul_ir_term.
DSP Report: Generating DSP u_conv8/mul_ir_term, operation Mode is: A*B.
DSP Report: operator u_conv8/mul_ir_term is absorbed into DSP u_conv8/mul_ir_term.
DSP Report: operator u_conv8/mul_ir_term is absorbed into DSP u_conv8/mul_ir_term.
DSP Report: Generating DSP u_conv8/mul_ir_term, operation Mode is: (PCIN>>17)+A*B.
DSP Report: operator u_conv8/mul_ir_term is absorbed into DSP u_conv8/mul_ir_term.
DSP Report: operator u_conv8/mul_ir_term is absorbed into DSP u_conv8/mul_ir_term.
DSP Report: Generating DSP u_conv8/mul_ri_term, operation Mode is: A*B.
DSP Report: operator u_conv8/mul_ri_term is absorbed into DSP u_conv8/mul_ri_term.
DSP Report: operator u_conv8/mul_ri_term is absorbed into DSP u_conv8/mul_ri_term.
DSP Report: Generating DSP u_conv8/mul_ri_term, operation Mode is: A*B.
DSP Report: operator u_conv8/mul_ri_term is absorbed into DSP u_conv8/mul_ri_term.
DSP Report: operator u_conv8/mul_ri_term is absorbed into DSP u_conv8/mul_ri_term.
DSP Report: Generating DSP u_conv8/mul_ri_term, operation Mode is: (PCIN>>17)+A*B.
DSP Report: operator u_conv8/mul_ri_term is absorbed into DSP u_conv8/mul_ri_term.
DSP Report: operator u_conv8/mul_ri_term is absorbed into DSP u_conv8/mul_ri_term.
DSP Report: Generating DSP u_conv8/mul_ii_term, operation Mode is: A*B.
DSP Report: operator u_conv8/mul_ii_term is absorbed into DSP u_conv8/mul_ii_term.
DSP Report: operator u_conv8/mul_ii_term is absorbed into DSP u_conv8/mul_ii_term.
DSP Report: Generating DSP u_conv8/mul_ii_term, operation Mode is: A*B.
DSP Report: operator u_conv8/mul_ii_term is absorbed into DSP u_conv8/mul_ii_term.
DSP Report: operator u_conv8/mul_ii_term is absorbed into DSP u_conv8/mul_ii_term.
DSP Report: Generating DSP u_conv8/mul_ii_term, operation Mode is: (PCIN>>17)+A*B.
DSP Report: operator u_conv8/mul_ii_term is absorbed into DSP u_conv8/mul_ii_term.
DSP Report: operator u_conv8/mul_ii_term is absorbed into DSP u_conv8/mul_ii_term.
DSP Report: Generating DSP u_conv8/mul_rr_term, operation Mode is: A*B.
DSP Report: operator u_conv8/mul_rr_term is absorbed into DSP u_conv8/mul_rr_term.
DSP Report: operator u_conv8/mul_rr_term is absorbed into DSP u_conv8/mul_rr_term.
DSP Report: Generating DSP u_conv8/mul_rr_term, operation Mode is: A*B.
DSP Report: operator u_conv8/mul_rr_term is absorbed into DSP u_conv8/mul_rr_term.
DSP Report: operator u_conv8/mul_rr_term is absorbed into DSP u_conv8/mul_rr_term.
DSP Report: Generating DSP u_conv8/mul_rr_term, operation Mode is: (PCIN>>17)+A*B.
DSP Report: operator u_conv8/mul_rr_term is absorbed into DSP u_conv8/mul_rr_term.
DSP Report: operator u_conv8/mul_rr_term is absorbed into DSP u_conv8/mul_rr_term.
DSP Report: Generating DSP u_conv9/mul_ir_term, operation Mode is: A*B.
DSP Report: operator u_conv9/mul_ir_term is absorbed into DSP u_conv9/mul_ir_term.
DSP Report: operator u_conv9/mul_ir_term is absorbed into DSP u_conv9/mul_ir_term.
DSP Report: Generating DSP u_conv9/mul_ir_term, operation Mode is: A*B.
DSP Report: operator u_conv9/mul_ir_term is absorbed into DSP u_conv9/mul_ir_term.
DSP Report: operator u_conv9/mul_ir_term is absorbed into DSP u_conv9/mul_ir_term.
DSP Report: Generating DSP u_conv9/mul_ir_term, operation Mode is: (PCIN>>17)+A*B.
DSP Report: operator u_conv9/mul_ir_term is absorbed into DSP u_conv9/mul_ir_term.
DSP Report: operator u_conv9/mul_ir_term is absorbed into DSP u_conv9/mul_ir_term.
DSP Report: Generating DSP u_conv9/mul_ri_term, operation Mode is: A*B.
DSP Report: operator u_conv9/mul_ri_term is absorbed into DSP u_conv9/mul_ri_term.
DSP Report: operator u_conv9/mul_ri_term is absorbed into DSP u_conv9/mul_ri_term.
DSP Report: Generating DSP u_conv9/mul_ri_term, operation Mode is: A*B.
DSP Report: operator u_conv9/mul_ri_term is absorbed into DSP u_conv9/mul_ri_term.
DSP Report: operator u_conv9/mul_ri_term is absorbed into DSP u_conv9/mul_ri_term.
DSP Report: Generating DSP u_conv9/mul_ri_term, operation Mode is: (PCIN>>17)+A*B.
DSP Report: operator u_conv9/mul_ri_term is absorbed into DSP u_conv9/mul_ri_term.
DSP Report: operator u_conv9/mul_ri_term is absorbed into DSP u_conv9/mul_ri_term.
DSP Report: Generating DSP u_conv9/mul_ii_term, operation Mode is: A*B.
DSP Report: operator u_conv9/mul_ii_term is absorbed into DSP u_conv9/mul_ii_term.
DSP Report: operator u_conv9/mul_ii_term is absorbed into DSP u_conv9/mul_ii_term.
DSP Report: Generating DSP u_conv9/mul_ii_term, operation Mode is: A*B.
DSP Report: operator u_conv9/mul_ii_term is absorbed into DSP u_conv9/mul_ii_term.
DSP Report: operator u_conv9/mul_ii_term is absorbed into DSP u_conv9/mul_ii_term.
DSP Report: Generating DSP u_conv9/mul_ii_term, operation Mode is: (PCIN>>17)+A*B.
DSP Report: operator u_conv9/mul_ii_term is absorbed into DSP u_conv9/mul_ii_term.
DSP Report: operator u_conv9/mul_ii_term is absorbed into DSP u_conv9/mul_ii_term.
DSP Report: Generating DSP u_conv9/mul_rr_term, operation Mode is: A*B.
DSP Report: operator u_conv9/mul_rr_term is absorbed into DSP u_conv9/mul_rr_term.
DSP Report: operator u_conv9/mul_rr_term is absorbed into DSP u_conv9/mul_rr_term.
DSP Report: Generating DSP u_conv9/mul_rr_term, operation Mode is: A*B.
DSP Report: operator u_conv9/mul_rr_term is absorbed into DSP u_conv9/mul_rr_term.
DSP Report: operator u_conv9/mul_rr_term is absorbed into DSP u_conv9/mul_rr_term.
DSP Report: Generating DSP u_conv9/mul_rr_term, operation Mode is: (PCIN>>17)+A*B.
DSP Report: operator u_conv9/mul_rr_term is absorbed into DSP u_conv9/mul_rr_term.
DSP Report: operator u_conv9/mul_rr_term is absorbed into DSP u_conv9/mul_rr_term.
DSP Report: Generating DSP u_conv2/feat_rd_addr2, operation Mode is: (D+(A:0x1))*(B:0x1f4).
DSP Report: operator u_conv2/feat_rd_addr2 is absorbed into DSP u_conv2/feat_rd_addr2.
DSP Report: operator u_conv2/feat_rd_addr3 is absorbed into DSP u_conv2/feat_rd_addr2.
DSP Report: Generating DSP u_conv2/mul_ir_term, operation Mode is: A*B.
DSP Report: operator u_conv2/mul_ir_term is absorbed into DSP u_conv2/mul_ir_term.
DSP Report: operator u_conv2/mul_ir_term is absorbed into DSP u_conv2/mul_ir_term.
DSP Report: Generating DSP u_conv2/mul_ir_term, operation Mode is: A*B.
DSP Report: operator u_conv2/mul_ir_term is absorbed into DSP u_conv2/mul_ir_term.
DSP Report: operator u_conv2/mul_ir_term is absorbed into DSP u_conv2/mul_ir_term.
DSP Report: Generating DSP u_conv2/mul_ir_term, operation Mode is: (PCIN>>17)+A*B.
DSP Report: operator u_conv2/mul_ir_term is absorbed into DSP u_conv2/mul_ir_term.
DSP Report: operator u_conv2/mul_ir_term is absorbed into DSP u_conv2/mul_ir_term.
DSP Report: Generating DSP u_conv2/mul_ri_term, operation Mode is: A*B.
DSP Report: operator u_conv2/mul_ri_term is absorbed into DSP u_conv2/mul_ri_term.
DSP Report: operator u_conv2/mul_ri_term is absorbed into DSP u_conv2/mul_ri_term.
DSP Report: Generating DSP u_conv2/mul_ri_term, operation Mode is: A*B.
DSP Report: operator u_conv2/mul_ri_term is absorbed into DSP u_conv2/mul_ri_term.
DSP Report: operator u_conv2/mul_ri_term is absorbed into DSP u_conv2/mul_ri_term.
DSP Report: Generating DSP u_conv2/mul_ri_term, operation Mode is: (PCIN>>17)+A*B.
DSP Report: operator u_conv2/mul_ri_term is absorbed into DSP u_conv2/mul_ri_term.
DSP Report: operator u_conv2/mul_ri_term is absorbed into DSP u_conv2/mul_ri_term.
DSP Report: Generating DSP u_conv2/mul_ii_term, operation Mode is: A*B.
DSP Report: operator u_conv2/mul_ii_term is absorbed into DSP u_conv2/mul_ii_term.
DSP Report: operator u_conv2/mul_ii_term is absorbed into DSP u_conv2/mul_ii_term.
DSP Report: Generating DSP u_conv2/mul_ii_term, operation Mode is: A*B.
DSP Report: operator u_conv2/mul_ii_term is absorbed into DSP u_conv2/mul_ii_term.
DSP Report: operator u_conv2/mul_ii_term is absorbed into DSP u_conv2/mul_ii_term.
DSP Report: Generating DSP u_conv2/mul_ii_term, operation Mode is: (PCIN>>17)+A*B.
DSP Report: operator u_conv2/mul_ii_term is absorbed into DSP u_conv2/mul_ii_term.
DSP Report: operator u_conv2/mul_ii_term is absorbed into DSP u_conv2/mul_ii_term.
DSP Report: Generating DSP u_conv2/mul_rr_term, operation Mode is: A*B.
DSP Report: operator u_conv2/mul_rr_term is absorbed into DSP u_conv2/mul_rr_term.
DSP Report: operator u_conv2/mul_rr_term is absorbed into DSP u_conv2/mul_rr_term.
DSP Report: Generating DSP u_conv2/mul_rr_term, operation Mode is: A*B.
DSP Report: operator u_conv2/mul_rr_term is absorbed into DSP u_conv2/mul_rr_term.
DSP Report: operator u_conv2/mul_rr_term is absorbed into DSP u_conv2/mul_rr_term.
DSP Report: Generating DSP u_conv2/mul_rr_term, operation Mode is: (PCIN>>17)+A*B.
DSP Report: operator u_conv2/mul_rr_term is absorbed into DSP u_conv2/mul_rr_term.
DSP Report: operator u_conv2/mul_rr_term is absorbed into DSP u_conv2/mul_rr_term.
INFO: [Synth 8-3333] propagating constant 0 across sequential element (\u_conv9/feat_wr_addr_reg[17] )
INFO: [Synth 8-3333] propagating constant 0 across sequential element (\u_conv8/feat_wr_addr_reg[17] )
INFO: [Synth 8-3333] propagating constant 0 across sequential element (\u_conv5/feat_wr_addr_reg[17] )
INFO: [Synth 8-3886] merging instance 'u_conv9/feat_wr_data_reg[41]' (FDCE) to 'u_conv9/feat_wr_data_reg[47]'
INFO: [Synth 8-3886] merging instance 'u_conv9/feat_wr_data_reg[42]' (FDCE) to 'u_conv9/feat_wr_data_reg[47]'
INFO: [Synth 8-3886] merging instance 'u_conv9/feat_wr_data_reg[43]' (FDCE) to 'u_conv9/feat_wr_data_reg[47]'
INFO: [Synth 8-3886] merging instance 'u_conv9/feat_wr_data_reg[44]' (FDCE) to 'u_conv9/feat_wr_data_reg[47]'
INFO: [Synth 8-3886] merging instance 'u_conv9/feat_wr_data_reg[45]' (FDCE) to 'u_conv9/feat_wr_data_reg[47]'
INFO: [Synth 8-3886] merging instance 'u_conv9/feat_wr_data_reg[46]' (FDCE) to 'u_conv9/feat_wr_data_reg[47]'
INFO: [Synth 8-3333] propagating constant 0 across sequential element (\u_conv9/feat_wr_data_reg[47] )
INFO: [Synth 8-3886] merging instance 'u_conv8/feat_wr_data_reg[41]' (FDCE) to 'u_conv8/feat_wr_data_reg[47]'
INFO: [Synth 8-3886] merging instance 'u_conv8/feat_wr_data_reg[42]' (FDCE) to 'u_conv8/feat_wr_data_reg[47]'
INFO: [Synth 8-3886] merging instance 'u_conv8/feat_wr_data_reg[43]' (FDCE) to 'u_conv8/feat_wr_data_reg[47]'
INFO: [Synth 8-3886] merging instance 'u_conv8/feat_wr_data_reg[44]' (FDCE) to 'u_conv8/feat_wr_data_reg[47]'
INFO: [Synth 8-3886] merging instance 'u_conv8/feat_wr_data_reg[45]' (FDCE) to 'u_conv8/feat_wr_data_reg[47]'
INFO: [Synth 8-3886] merging instance 'u_conv8/feat_wr_data_reg[46]' (FDCE) to 'u_conv8/feat_wr_data_reg[47]'
INFO: [Synth 8-3333] propagating constant 0 across sequential element (\u_conv8/feat_wr_data_reg[47] )
INFO: [Synth 8-3886] merging instance 'u_conv5/feat_wr_data_reg[41]' (FDCE) to 'u_conv5/feat_wr_data_reg[47]'
INFO: [Synth 8-3886] merging instance 'u_conv5/feat_wr_data_reg[42]' (FDCE) to 'u_conv5/feat_wr_data_reg[47]'
INFO: [Synth 8-3886] merging instance 'u_conv5/feat_wr_data_reg[43]' (FDCE) to 'u_conv5/feat_wr_data_reg[47]'
INFO: [Synth 8-3886] merging instance 'u_conv5/feat_wr_data_reg[44]' (FDCE) to 'u_conv5/feat_wr_data_reg[47]'
INFO: [Synth 8-3886] merging instance 'u_conv5/feat_wr_data_reg[45]' (FDCE) to 'u_conv5/feat_wr_data_reg[47]'
INFO: [Synth 8-3886] merging instance 'u_conv5/feat_wr_data_reg[46]' (FDCE) to 'u_conv5/feat_wr_data_reg[47]'
INFO: [Synth 8-3333] propagating constant 0 across sequential element (\u_conv5/feat_wr_data_reg[47] )
INFO: [Synth 8-3886] merging instance 'u_conv4/feat_wr_data_reg[41]' (FDCE) to 'u_conv4/feat_wr_data_reg[47]'
INFO: [Synth 8-3886] merging instance 'u_conv4/feat_wr_data_reg[42]' (FDCE) to 'u_conv4/feat_wr_data_reg[47]'
INFO: [Synth 8-3886] merging instance 'u_conv4/feat_wr_data_reg[43]' (FDCE) to 'u_conv4/feat_wr_data_reg[47]'
INFO: [Synth 8-3886] merging instance 'u_conv4/feat_wr_data_reg[44]' (FDCE) to 'u_conv4/feat_wr_data_reg[47]'
INFO: [Synth 8-3886] merging instance 'u_conv4/feat_wr_data_reg[45]' (FDCE) to 'u_conv4/feat_wr_data_reg[47]'
INFO: [Synth 8-3886] merging instance 'u_conv4/feat_wr_data_reg[46]' (FDCE) to 'u_conv4/feat_wr_data_reg[47]'
INFO: [Synth 8-3333] propagating constant 0 across sequential element (\u_conv4/feat_wr_data_reg[47] )
INFO: [Synth 8-3886] merging instance 'u_conv3/feat_wr_data_reg[41]' (FDCE) to 'u_conv3/feat_wr_data_reg[47]'
INFO: [Synth 8-3886] merging instance 'u_conv3/feat_wr_data_reg[42]' (FDCE) to 'u_conv3/feat_wr_data_reg[47]'
INFO: [Synth 8-3886] merging instance 'u_conv3/feat_wr_data_reg[43]' (FDCE) to 'u_conv3/feat_wr_data_reg[47]'
INFO: [Synth 8-3886] merging instance 'u_conv3/feat_wr_data_reg[44]' (FDCE) to 'u_conv3/feat_wr_data_reg[47]'
INFO: [Synth 8-3886] merging instance 'u_conv3/feat_wr_data_reg[45]' (FDCE) to 'u_conv3/feat_wr_data_reg[47]'
INFO: [Synth 8-3886] merging instance 'u_conv3/feat_wr_data_reg[46]' (FDCE) to 'u_conv3/feat_wr_data_reg[47]'
INFO: [Synth 8-3333] propagating constant 0 across sequential element (\u_conv3/feat_wr_data_reg[47] )
INFO: [Synth 8-3886] merging instance 'u_conv2/feat_wr_data_reg[41]' (FDCE) to 'u_conv2/feat_wr_data_reg[47]'
INFO: [Synth 8-3886] merging instance 'u_conv2/feat_wr_data_reg[42]' (FDCE) to 'u_conv2/feat_wr_data_reg[47]'
INFO: [Synth 8-3886] merging instance 'u_conv2/feat_wr_data_reg[43]' (FDCE) to 'u_conv2/feat_wr_data_reg[47]'
INFO: [Synth 8-3886] merging instance 'u_conv2/feat_wr_data_reg[44]' (FDCE) to 'u_conv2/feat_wr_data_reg[47]'
INFO: [Synth 8-3886] merging instance 'u_conv2/feat_wr_data_reg[45]' (FDCE) to 'u_conv2/feat_wr_data_reg[47]'
INFO: [Synth 8-3886] merging instance 'u_conv2/feat_wr_data_reg[46]' (FDCE) to 'u_conv2/feat_wr_data_reg[47]'
INFO: [Synth 8-3333] propagating constant 0 across sequential element (\u_conv2/feat_wr_data_reg[47] )
INFO: [Synth 8-3886] merging instance 'u_conv9/bias_addr_reg[10]' (FDCE) to 'u_conv9/bias_addr_reg[11]'
INFO: [Synth 8-3333] propagating constant 0 across sequential element (\u_conv9/bias_addr_reg[11] )
INFO: [Synth 8-3333] propagating constant 0 across sequential element (\u_conv8/bias_addr_reg[11] )
INFO: [Synth 8-3886] merging instance 'u_conv5/bias_addr_reg[10]' (FDCE) to 'u_conv5/bias_addr_reg[11]'
INFO: [Synth 8-3333] propagating constant 0 across sequential element (\u_conv5/bias_addr_reg[11] )
INFO: [Synth 8-3886] merging instance 'u_conv4/bias_addr_reg[10]' (FDCE) to 'u_conv4/bias_addr_reg[11]'
INFO: [Synth 8-3333] propagating constant 0 across sequential element (\u_conv4/bias_addr_reg[11] )
INFO: [Synth 8-3886] merging instance 'u_conv3/bias_addr_reg[10]' (FDCE) to 'u_conv3/bias_addr_reg[11]'
INFO: [Synth 8-3333] propagating constant 0 across sequential element (\u_conv3/bias_addr_reg[11] )
INFO: [Synth 8-3886] merging instance 'u_conv2/bias_addr_reg[10]' (FDCE) to 'u_conv2/bias_addr_reg[11]'
INFO: [Synth 8-3333] propagating constant 0 across sequential element (\u_conv2/bias_addr_reg[11] )
INFO: [Synth 8-3886] merging instance 'u_conv9/weight_addr_reg[19]' (FDCE) to 'u_conv9/weight_addr_reg[20]'
INFO: [Synth 8-3333] propagating constant 0 across sequential element (\u_conv9/weight_addr_reg[20] )
INFO: [Synth 8-3886] merging instance 'u_conv8/weight_addr_reg[19]' (FDCE) to 'u_conv8/weight_addr_reg[20]'
INFO: [Synth 8-3333] propagating constant 0 across sequential element (\u_conv8/weight_addr_reg[20] )
INFO: [Synth 8-3886] merging instance 'u_conv5/weight_addr_reg[19]' (FDCE) to 'u_conv5/weight_addr_reg[20]'
INFO: [Synth 8-3333] propagating constant 0 across sequential element (\u_conv5/weight_addr_reg[20] )
INFO: [Synth 8-3886] merging instance 'u_conv4/weight_addr_reg[19]' (FDCE) to 'u_conv4/weight_addr_reg[20]'
INFO: [Synth 8-3333] propagating constant 0 across sequential element (\u_conv4/weight_addr_reg[20] )
INFO: [Synth 8-3886] merging instance 'u_conv3/weight_addr_reg[19]' (FDCE) to 'u_conv3/weight_addr_reg[20]'
INFO: [Synth 8-3333] propagating constant 0 across sequential element (\u_conv3/weight_addr_reg[20] )
INFO: [Synth 8-3886] merging instance 'u_conv2/weight_addr_reg[19]' (FDCE) to 'u_conv2/weight_addr_reg[20]'
INFO: [Synth 8-3333] propagating constant 0 across sequential element (\u_conv2/weight_addr_reg[20] )
INFO: [Synth 8-3886] merging instance 'u_conv9/sample_idx_reg_reg[31]' (FDCE) to 'u_conv9/sample_idx_reg_reg[17]'
INFO: [Synth 8-3886] merging instance 'u_conv9/sample_idx_reg_reg[30]' (FDCE) to 'u_conv9/sample_idx_reg_reg[17]'
INFO: [Synth 8-3886] merging instance 'u_conv9/sample_idx_reg_reg[29]' (FDCE) to 'u_conv9/sample_idx_reg_reg[17]'
INFO: [Synth 8-3886] merging instance 'u_conv9/sample_idx_reg_reg[28]' (FDCE) to 'u_conv9/sample_idx_reg_reg[17]'
INFO: [Synth 8-3886] merging instance 'u_conv9/sample_idx_reg_reg[27]' (FDCE) to 'u_conv9/sample_idx_reg_reg[17]'
INFO: [Synth 8-3886] merging instance 'u_conv9/sample_idx_reg_reg[26]' (FDCE) to 'u_conv9/sample_idx_reg_reg[17]'
INFO: [Synth 8-3886] merging instance 'u_conv9/sample_idx_reg_reg[25]' (FDCE) to 'u_conv9/sample_idx_reg_reg[17]'
INFO: [Synth 8-3886] merging instance 'u_conv9/sample_idx_reg_reg[24]' (FDCE) to 'u_conv9/sample_idx_reg_reg[17]'
INFO: [Synth 8-3886] merging instance 'u_conv9/sample_idx_reg_reg[23]' (FDCE) to 'u_conv9/sample_idx_reg_reg[17]'
INFO: [Synth 8-3886] merging instance 'u_conv9/sample_idx_reg_reg[22]' (FDCE) to 'u_conv9/sample_idx_reg_reg[17]'
INFO: [Synth 8-3886] merging instance 'u_conv9/sample_idx_reg_reg[21]' (FDCE) to 'u_conv9/sample_idx_reg_reg[17]'
INFO: [Synth 8-3886] merging instance 'u_conv9/sample_idx_reg_reg[20]' (FDCE) to 'u_conv9/sample_idx_reg_reg[17]'
INFO: [Synth 8-3886] merging instance 'u_conv9/sample_idx_reg_reg[19]' (FDCE) to 'u_conv9/sample_idx_reg_reg[17]'
INFO: [Synth 8-3886] merging instance 'u_conv9/sample_idx_reg_reg[18]' (FDCE) to 'u_conv9/sample_idx_reg_reg[17]'
INFO: [Synth 8-3886] merging instance 'u_conv8/sample_idx_reg_reg[31]' (FDCE) to 'u_conv8/sample_idx_reg_reg[17]'
INFO: [Synth 8-3886] merging instance 'u_conv8/sample_idx_reg_reg[30]' (FDCE) to 'u_conv8/sample_idx_reg_reg[17]'
INFO: [Synth 8-3886] merging instance 'u_conv8/sample_idx_reg_reg[29]' (FDCE) to 'u_conv8/sample_idx_reg_reg[17]'
INFO: [Synth 8-3886] merging instance 'u_conv8/sample_idx_reg_reg[28]' (FDCE) to 'u_conv8/sample_idx_reg_reg[17]'
INFO: [Synth 8-3886] merging instance 'u_conv8/sample_idx_reg_reg[27]' (FDCE) to 'u_conv8/sample_idx_reg_reg[17]'
INFO: [Synth 8-3886] merging instance 'u_conv8/sample_idx_reg_reg[26]' (FDCE) to 'u_conv8/sample_idx_reg_reg[17]'
INFO: [Synth 8-3886] merging instance 'u_conv8/sample_idx_reg_reg[25]' (FDCE) to 'u_conv8/sample_idx_reg_reg[17]'
INFO: [Synth 8-3886] merging instance 'u_conv8/sample_idx_reg_reg[24]' (FDCE) to 'u_conv8/sample_idx_reg_reg[17]'
INFO: [Synth 8-3886] merging instance 'u_conv8/sample_idx_reg_reg[23]' (FDCE) to 'u_conv8/sample_idx_reg_reg[17]'
INFO: [Synth 8-3886] merging instance 'u_conv8/sample_idx_reg_reg[22]' (FDCE) to 'u_conv8/sample_idx_reg_reg[17]'
INFO: [Synth 8-3886] merging instance 'u_conv8/sample_idx_reg_reg[21]' (FDCE) to 'u_conv8/sample_idx_reg_reg[17]'
INFO: [Synth 8-3886] merging instance 'u_conv8/sample_idx_reg_reg[20]' (FDCE) to 'u_conv8/sample_idx_reg_reg[17]'
INFO: [Synth 8-3886] merging instance 'u_conv8/sample_idx_reg_reg[19]' (FDCE) to 'u_conv8/sample_idx_reg_reg[17]'
INFO: [Synth 8-3886] merging instance 'u_conv8/sample_idx_reg_reg[18]' (FDCE) to 'u_conv8/sample_idx_reg_reg[17]'
INFO: [Synth 8-3886] merging instance 'u_conv5/sample_idx_reg_reg[31]' (FDCE) to 'u_conv5/sample_idx_reg_reg[17]'
INFO: [Synth 8-3886] merging instance 'u_conv5/sample_idx_reg_reg[30]' (FDCE) to 'u_conv5/sample_idx_reg_reg[17]'
INFO: [Synth 8-3886] merging instance 'u_conv5/sample_idx_reg_reg[29]' (FDCE) to 'u_conv5/sample_idx_reg_reg[17]'
INFO: [Synth 8-3886] merging instance 'u_conv5/sample_idx_reg_reg[28]' (FDCE) to 'u_conv5/sample_idx_reg_reg[17]'
INFO: [Synth 8-3886] merging instance 'u_conv5/sample_idx_reg_reg[27]' (FDCE) to 'u_conv5/sample_idx_reg_reg[17]'
INFO: [Synth 8-3886] merging instance 'u_conv5/sample_idx_reg_reg[26]' (FDCE) to 'u_conv5/sample_idx_reg_reg[17]'
INFO: [Synth 8-3886] merging instance 'u_conv5/sample_idx_reg_reg[25]' (FDCE) to 'u_conv5/sample_idx_reg_reg[17]'
INFO: [Synth 8-3886] merging instance 'u_conv5/sample_idx_reg_reg[24]' (FDCE) to 'u_conv5/sample_idx_reg_reg[17]'
INFO: [Synth 8-3886] merging instance 'u_conv5/sample_idx_reg_reg[23]' (FDCE) to 'u_conv5/sample_idx_reg_reg[17]'
INFO: [Synth 8-3886] merging instance 'u_conv5/sample_idx_reg_reg[22]' (FDCE) to 'u_conv5/sample_idx_reg_reg[17]'
INFO: [Synth 8-3886] merging instance 'u_conv5/sample_idx_reg_reg[21]' (FDCE) to 'u_conv5/sample_idx_reg_reg[17]'
INFO: [Synth 8-3886] merging instance 'u_conv5/sample_idx_reg_reg[20]' (FDCE) to 'u_conv5/sample_idx_reg_reg[17]'
INFO: [Synth 8-3886] merging instance 'u_conv5/sample_idx_reg_reg[19]' (FDCE) to 'u_conv5/sample_idx_reg_reg[17]'
INFO: [Synth 8-3886] merging instance 'u_conv5/sample_idx_reg_reg[18]' (FDCE) to 'u_conv5/sample_idx_reg_reg[17]'
INFO: [Synth 8-3886] merging instance 'u_conv4/sample_idx_reg_reg[31]' (FDCE) to 'u_conv4/sample_idx_reg_reg[17]'
INFO: [Synth 8-3886] merging instance 'u_conv4/sample_idx_reg_reg[30]' (FDCE) to 'u_conv4/sample_idx_reg_reg[17]'
INFO: [Synth 8-3886] merging instance 'u_conv4/sample_idx_reg_reg[29]' (FDCE) to 'u_conv4/sample_idx_reg_reg[17]'
INFO: [Synth 8-3886] merging instance 'u_conv4/sample_idx_reg_reg[28]' (FDCE) to 'u_conv4/sample_idx_reg_reg[17]'
INFO: [Synth 8-3886] merging instance 'u_conv4/sample_idx_reg_reg[27]' (FDCE) to 'u_conv4/sample_idx_reg_reg[17]'
INFO: [Synth 8-3886] merging instance 'u_conv4/sample_idx_reg_reg[26]' (FDCE) to 'u_conv4/sample_idx_reg_reg[17]'
INFO: [Synth 8-3886] merging instance 'u_conv4/sample_idx_reg_reg[25]' (FDCE) to 'u_conv4/sample_idx_reg_reg[17]'
INFO: [Synth 8-3886] merging instance 'u_conv4/sample_idx_reg_reg[24]' (FDCE) to 'u_conv4/sample_idx_reg_reg[17]'
INFO: [Synth 8-3886] merging instance 'u_conv4/sample_idx_reg_reg[23]' (FDCE) to 'u_conv4/sample_idx_reg_reg[17]'
INFO: [Synth 8-3886] merging instance 'u_conv4/sample_idx_reg_reg[22]' (FDCE) to 'u_conv4/sample_idx_reg_reg[17]'
INFO: [Synth 8-3886] merging instance 'u_conv4/sample_idx_reg_reg[21]' (FDCE) to 'u_conv4/sample_idx_reg_reg[17]'
INFO: [Common 17-14] Message 'Synth 8-3886' appears 100 times and further instances of the messages will be disabled. Use the Tcl command set_msg_config to change the current settings.
