xilinx rtfpga
rt::do_reinfer_area_combined 0
DSP Report: Generating DSP u_bn_sr2/feat_rd_addr2, operation Mode is: (D+(A:0x1))*(B:0x1f4).
DSP Report: operator u_bn_sr2/feat_rd_addr2 is absorbed into DSP u_bn_sr2/feat_rd_addr2.
DSP Report: operator u_bn_sr2/feat_rd_addr3 is absorbed into DSP u_bn_sr2/feat_rd_addr2.
DSP Report: Generating DSP u_pool1/feat_rd_addr0, operation Mode is: C+(A:0x3e8)*B.
DSP Report: operator u_pool1/feat_rd_addr0 is absorbed into DSP u_pool1/feat_rd_addr0.
DSP Report: operator u_pool1/feat_rd_addr2 is absorbed into DSP u_pool1/feat_rd_addr0.
DSP Report: Generating DSP u_bn_sr1/feat_rd_addr2, operation Mode is: (D+(A:0x1))*(B:0x3e8).
DSP Report: operator u_bn_sr1/feat_rd_addr2 is absorbed into DSP u_bn_sr1/feat_rd_addr2.
DSP Report: operator u_bn_sr1/feat_rd_addr3 is absorbed into DSP u_bn_sr1/feat_rd_addr2.
DSP Report: Generating DSP u_bn_sr1/feat_rd_addr2, operation Mode is: (A:0x3e8)*B.
DSP Report: operator u_bn_sr1/feat_rd_addr2 is absorbed into DSP u_bn_sr1/feat_rd_addr2.
INFO: [Synth 8-3333] propagating constant 0 across sequential element (\u_pool9/feat_wr_addr_reg[17] )
INFO: [Synth 8-3333] propagating constant 0 across sequential element (\u_pool8/feat_wr_addr_reg[17] )
INFO: [Synth 8-3333] propagating constant 0 across sequential element (\u_pool7/feat_wr_addr_reg[17] )
INFO: [Synth 8-3333] propagating constant 0 across sequential element (\u_pool6/feat_wr_addr_reg[17] )
INFO: [Synth 8-3333] propagating constant 0 across sequential element (\u_pool5/feat_wr_addr_reg[17] )
INFO: [Synth 8-3333] propagating constant 0 across sequential element (\u_pool4/feat_wr_addr_reg[17] )
INFO: [Synth 8-3333] propagating constant 0 across sequential element (\u_pool3/feat_wr_addr_reg[17] )
INFO: [Synth 8-3333] propagating constant 0 across sequential element (\u_pool2/feat_wr_addr_reg[17] )
INFO: [Synth 8-3886] merging instance 'u_bn_sr1/ch_cnt_reg_rep[4]' (FDCE) to 'u_bn_sr1/ch_cnt_reg[4]'
INFO: [Synth 8-3886] merging instance 'u_bn_sr1/ch_cnt_reg_rep[5]' (FDCE) to 'u_bn_sr1/ch_cnt_reg[5]'
INFO: [Synth 8-3886] merging instance 'u_bn_sr1/ch_cnt_reg_rep[0]' (FDCE) to 'u_bn_sr1/ch_cnt_reg[0]'
INFO: [Synth 8-3886] merging instance 'u_bn_sr1/ch_cnt_reg_rep[1]' (FDCE) to 'u_bn_sr1/ch_cnt_reg[1]'
INFO: [Synth 8-3886] merging instance 'u_bn_sr1/ch_cnt_reg_rep[2]' (FDCE) to 'u_bn_sr1/ch_cnt_reg[2]'
INFO: [Synth 8-3886] merging instance 'u_bn_sr1/ch_cnt_reg_rep[3]' (FDCE) to 'u_bn_sr1/ch_cnt_reg[3]'
INFO: [Synth 8-3886] merging instance 'u_bn_sr2/ch_cnt_reg_rep[0]' (FDCE) to 'u_bn_sr2/ch_cnt_reg[0]'
INFO: [Synth 8-3886] merging instance 'u_bn_sr2/ch_cnt_reg_rep[1]' (FDCE) to 'u_bn_sr2/ch_cnt_reg[1]'
INFO: [Synth 8-3886] merging instance 'u_bn_sr2/ch_cnt_reg_rep[4]' (FDCE) to 'u_bn_sr2/ch_cnt_reg[4]'
INFO: [Synth 8-3886] merging instance 'u_bn_sr2/ch_cnt_reg_rep[2]' (FDCE) to 'u_bn_sr2/ch_cnt_reg[2]'
INFO: [Synth 8-3886] merging instance 'u_bn_sr2/ch_cnt_reg_rep[5]' (FDCE) to 'u_bn_sr2/ch_cnt_reg[5]'
INFO: [Synth 8-3886] merging instance 'u_bn_sr2/ch_cnt_reg_rep[3]' (FDCE) to 'u_bn_sr2/ch_cnt_reg[3]'
INFO: [Synth 8-3333] propagating constant 0 across sequential element (\u_bn_sr1/state_reg[3] )
INFO: [Synth 8-3333] propagating constant 0 across sequential element (\u_bn_sr2/state_reg[3] )
INFO: [Synth 8-3886] merging instance 'u_pool9/feat_wr_data_reg[11]' (FDCE) to 'u_pool9/feat_wr_data_reg[12]'
INFO: [Synth 8-3886] merging instance 'u_pool9/feat_wr_data_reg[12]' (FDCE) to 'u_pool9/feat_wr_data_reg[13]'
INFO: [Synth 8-3886] merging instance 'u_pool9/feat_wr_data_reg[13]' (FDCE) to 'u_pool9/feat_wr_data_reg[14]'
INFO: [Synth 8-3886] merging instance 'u_pool9/feat_wr_data_reg[14]' (FDCE) to 'u_pool9/feat_wr_data_reg[15]'
INFO: [Synth 8-3886] merging instance 'u_pool9/feat_wr_data_reg[15]' (FDCE) to 'u_pool9/feat_wr_data_reg[16]'
INFO: [Synth 8-3886] merging instance 'u_pool9/feat_wr_data_reg[16]' (FDCE) to 'u_pool9/feat_wr_data_reg[17]'
INFO: [Synth 8-3886] merging instance 'u_pool9/feat_wr_data_reg[17]' (FDCE) to 'u_pool9/feat_wr_data_reg[18]'
INFO: [Synth 8-3886] merging instance 'u_pool9/feat_wr_data_reg[18]' (FDCE) to 'u_pool9/feat_wr_data_reg[19]'
INFO: [Synth 8-3886] merging instance 'u_pool9/feat_wr_data_reg[19]' (FDCE) to 'u_pool9/feat_wr_data_reg[20]'
INFO: [Synth 8-3886] merging instance 'u_pool9/feat_wr_data_reg[20]' (FDCE) to 'u_pool9/feat_wr_data_reg[21]'
INFO: [Synth 8-3886] merging instance 'u_pool9/feat_wr_data_reg[21]' (FDCE) to 'u_pool9/feat_wr_data_reg[22]'
INFO: [Synth 8-3886] merging instance 'u_pool9/feat_wr_data_reg[22]' (FDCE) to 'u_pool9/feat_wr_data_reg[23]'
INFO: [Synth 8-3886] merging instance 'u_pool9/feat_wr_data_reg[23]' (FDCE) to 'u_pool9/feat_wr_data_reg[24]'
INFO: [Synth 8-3886] merging instance 'u_pool9/feat_wr_data_reg[24]' (FDCE) to 'u_pool9/feat_wr_data_reg[25]'
INFO: [Synth 8-3886] merging instance 'u_pool9/feat_wr_data_reg[25]' (FDCE) to 'u_pool9/feat_wr_data_reg[26]'
INFO: [Synth 8-3886] merging instance 'u_pool9/feat_wr_data_reg[26]' (FDCE) to 'u_pool9/feat_wr_data_reg[27]'
INFO: [Synth 8-3886] merging instance 'u_pool9/feat_wr_data_reg[27]' (FDCE) to 'u_pool9/feat_wr_data_reg[28]'
INFO: [Synth 8-3886] merging instance 'u_pool9/feat_wr_data_reg[28]' (FDCE) to 'u_pool9/feat_wr_data_reg[29]'
INFO: [Synth 8-3886] merging instance 'u_pool9/feat_wr_data_reg[29]' (FDCE) to 'u_pool9/feat_wr_data_reg[30]'
INFO: [Synth 8-3886] merging instance 'u_pool9/feat_wr_data_reg[30]' (FDCE) to 'u_pool9/feat_wr_data_reg[31]'
INFO: [Synth 8-3886] merging instance 'u_pool9/feat_wr_data_reg[31]' (FDCE) to 'u_pool9/feat_wr_data_reg[32]'
INFO: [Synth 8-3886] merging instance 'u_pool9/feat_wr_data_reg[32]' (FDCE) to 'u_pool9/feat_wr_data_reg[33]'
INFO: [Synth 8-3886] merging instance 'u_pool9/feat_wr_data_reg[33]' (FDCE) to 'u_pool9/feat_wr_data_reg[34]'
INFO: [Synth 8-3886] merging instance 'u_pool9/feat_wr_data_reg[34]' (FDCE) to 'u_pool9/feat_wr_data_reg[35]'
INFO: [Synth 8-3886] merging instance 'u_pool9/feat_wr_data_reg[35]' (FDCE) to 'u_pool9/feat_wr_data_reg[36]'
INFO: [Synth 8-3886] merging instance 'u_pool9/feat_wr_data_reg[36]' (FDCE) to 'u_pool9/feat_wr_data_reg[37]'
INFO: [Synth 8-3886] merging instance 'u_pool9/feat_wr_data_reg[37]' (FDCE) to 'u_pool9/feat_wr_data_reg[38]'
INFO: [Synth 8-3886] merging instance 'u_pool9/feat_wr_data_reg[38]' (FDCE) to 'u_pool9/feat_wr_data_reg[39]'
INFO: [Synth 8-3886] merging instance 'u_pool9/feat_wr_data_reg[39]' (FDCE) to 'u_pool9/feat_wr_data_reg[40]'
INFO: [Synth 8-3886] merging instance 'u_pool9/feat_wr_data_reg[40]' (FDCE) to 'u_pool9/feat_wr_data_reg[41]'
INFO: [Synth 8-3886] merging instance 'u_pool9/feat_wr_data_reg[41]' (FDCE) to 'u_pool9/feat_wr_data_reg[42]'
INFO: [Synth 8-3886] merging instance 'u_pool9/feat_wr_data_reg[42]' (FDCE) to 'u_pool9/feat_wr_data_reg[43]'
INFO: [Synth 8-3886] merging instance 'u_pool9/feat_wr_data_reg[43]' (FDCE) to 'u_pool9/feat_wr_data_reg[44]'
INFO: [Synth 8-3886] merging instance 'u_pool9/feat_wr_data_reg[44]' (FDCE) to 'u_pool9/feat_wr_data_reg[45]'
INFO: [Synth 8-3886] merging instance 'u_pool9/feat_wr_data_reg[45]' (FDCE) to 'u_pool9/feat_wr_data_reg[46]'
INFO: [Synth 8-3886] merging instance 'u_pool9/feat_wr_data_reg[46]' (FDCE) to 'u_pool9/feat_wr_data_reg[47]'
INFO: [Synth 8-3886] merging instance 'u_pool8/feat_wr_data_reg[11]' (FDCE) to 'u_pool8/feat_wr_data_reg[12]'
INFO: [Synth 8-3886] merging instance 'u_pool8/feat_wr_data_reg[12]' (FDCE) to 'u_pool8/feat_wr_data_reg[13]'
INFO: [Synth 8-3886] merging instance 'u_pool8/feat_wr_data_reg[13]' (FDCE) to 'u_pool8/feat_wr_data_reg[14]'
INFO: [Synth 8-3886] merging instance 'u_pool8/feat_wr_data_reg[14]' (FDCE) to 'u_pool8/feat_wr_data_reg[15]'
INFO: [Synth 8-3886] merging instance 'u_pool8/feat_wr_data_reg[15]' (FDCE) to 'u_pool8/feat_wr_data_reg[16]'
INFO: [Synth 8-3886] merging instance 'u_pool8/feat_wr_data_reg[16]' (FDCE) to 'u_pool8/feat_wr_data_reg[17]'
INFO: [Synth 8-3886] merging instance 'u_pool8/feat_wr_data_reg[17]' (FDCE) to 'u_pool8/feat_wr_data_reg[18]'
INFO: [Synth 8-3886] merging instance 'u_pool8/feat_wr_data_reg[18]' (FDCE) to 'u_pool8/feat_wr_data_reg[19]'
INFO: [Synth 8-3886] merging instance 'u_pool8/feat_wr_data_reg[19]' (FDCE) to 'u_pool8/feat_wr_data_reg[20]'
INFO: [Synth 8-3886] merging instance 'u_pool8/feat_wr_data_reg[20]' (FDCE) to 'u_pool8/feat_wr_data_reg[21]'
INFO: [Synth 8-3886] merging instance 'u_pool8/feat_wr_data_reg[21]' (FDCE) to 'u_pool8/feat_wr_data_reg[22]'
INFO: [Synth 8-3886] merging instance 'u_pool8/feat_wr_data_reg[22]' (FDCE) to 'u_pool8/feat_wr_data_reg[23]'
INFO: [Synth 8-3886] merging instance 'u_pool8/feat_wr_data_reg[23]' (FDCE) to 'u_pool8/feat_wr_data_reg[24]'
INFO: [Synth 8-3886] merging instance 'u_pool8/feat_wr_data_reg[24]' (FDCE) to 'u_pool8/feat_wr_data_reg[25]'
INFO: [Synth 8-3886] merging instance 'u_pool8/feat_wr_data_reg[25]' (FDCE) to 'u_pool8/feat_wr_data_reg[26]'
INFO: [Synth 8-3886] merging instance 'u_pool8/feat_wr_data_reg[26]' (FDCE) to 'u_pool8/feat_wr_data_reg[27]'
INFO: [Synth 8-3886] merging instance 'u_pool8/feat_wr_data_reg[27]' (FDCE) to 'u_pool8/feat_wr_data_reg[28]'
INFO: [Synth 8-3886] merging instance 'u_pool8/feat_wr_data_reg[28]' (FDCE) to 'u_pool8/feat_wr_data_reg[29]'
INFO: [Synth 8-3886] merging instance 'u_pool8/feat_wr_data_reg[29]' (FDCE) to 'u_pool8/feat_wr_data_reg[30]'
INFO: [Synth 8-3886] merging instance 'u_pool8/feat_wr_data_reg[30]' (FDCE) to 'u_pool8/feat_wr_data_reg[31]'
INFO: [Synth 8-3886] merging instance 'u_pool8/feat_wr_data_reg[31]' (FDCE) to 'u_pool8/feat_wr_data_reg[32]'
INFO: [Synth 8-3886] merging instance 'u_pool8/feat_wr_data_reg[32]' (FDCE) to 'u_pool8/feat_wr_data_reg[33]'
INFO: [Synth 8-3886] merging instance 'u_pool8/feat_wr_data_reg[33]' (FDCE) to 'u_pool8/feat_wr_data_reg[34]'
INFO: [Synth 8-3886] merging instance 'u_pool8/feat_wr_data_reg[34]' (FDCE) to 'u_pool8/feat_wr_data_reg[35]'
INFO: [Synth 8-3886] merging instance 'u_pool8/feat_wr_data_reg[35]' (FDCE) to 'u_pool8/feat_wr_data_reg[36]'
INFO: [Synth 8-3886] merging instance 'u_pool8/feat_wr_data_reg[36]' (FDCE) to 'u_pool8/feat_wr_data_reg[37]'
INFO: [Synth 8-3886] merging instance 'u_pool8/feat_wr_data_reg[37]' (FDCE) to 'u_pool8/feat_wr_data_reg[38]'
INFO: [Synth 8-3886] merging instance 'u_pool8/feat_wr_data_reg[38]' (FDCE) to 'u_pool8/feat_wr_data_reg[39]'
INFO: [Synth 8-3886] merging instance 'u_pool8/feat_wr_data_reg[39]' (FDCE) to 'u_pool8/feat_wr_data_reg[40]'
INFO: [Synth 8-3886] merging instance 'u_pool8/feat_wr_data_reg[40]' (FDCE) to 'u_pool8/feat_wr_data_reg[41]'
INFO: [Synth 8-3886] merging instance 'u_pool8/feat_wr_data_reg[41]' (FDCE) to 'u_pool8/feat_wr_data_reg[42]'
INFO: [Synth 8-3886] merging instance 'u_pool8/feat_wr_data_reg[42]' (FDCE) to 'u_pool8/feat_wr_data_reg[43]'
INFO: [Synth 8-3886] merging instance 'u_pool8/feat_wr_data_reg[43]' (FDCE) to 'u_pool8/feat_wr_data_reg[44]'
INFO: [Synth 8-3886] merging instance 'u_pool8/feat_wr_data_reg[44]' (FDCE) to 'u_pool8/feat_wr_data_reg[45]'
INFO: [Synth 8-3886] merging instance 'u_pool8/feat_wr_data_reg[45]' (FDCE) to 'u_pool8/feat_wr_data_reg[46]'
INFO: [Synth 8-3886] merging instance 'u_pool8/feat_wr_data_reg[46]' (FDCE) to 'u_pool8/feat_wr_data_reg[47]'
INFO: [Synth 8-3886] merging instance 'u_pool7/feat_wr_data_reg[11]' (FDCE) to 'u_pool7/feat_wr_data_reg[12]'
INFO: [Synth 8-3886] merging instance 'u_pool7/feat_wr_data_reg[12]' (FDCE) to 'u_pool7/feat_wr_data_reg[13]'
INFO: [Synth 8-3886] merging instance 'u_pool7/feat_wr_data_reg[13]' (FDCE) to 'u_pool7/feat_wr_data_reg[14]'
INFO: [Synth 8-3886] merging instance 'u_pool7/feat_wr_data_reg[14]' (FDCE) to 'u_pool7/feat_wr_data_reg[15]'
INFO: [Synth 8-3886] merging instance 'u_pool7/feat_wr_data_reg[15]' (FDCE) to 'u_pool7/feat_wr_data_reg[16]'
INFO: [Synth 8-3886] merging instance 'u_pool7/feat_wr_data_reg[16]' (FDCE) to 'u_pool7/feat_wr_data_reg[17]'
INFO: [Synth 8-3886] merging instance 'u_pool7/feat_wr_data_reg[17]' (FDCE) to 'u_pool7/feat_wr_data_reg[18]'
INFO: [Synth 8-3886] merging instance 'u_pool7/feat_wr_data_reg[18]' (FDCE) to 'u_pool7/feat_wr_data_reg[19]'
INFO: [Synth 8-3886] merging instance 'u_pool7/feat_wr_data_reg[19]' (FDCE) to 'u_pool7/feat_wr_data_reg[20]'
INFO: [Synth 8-3886] merging instance 'u_pool7/feat_wr_data_reg[20]' (FDCE) to 'u_pool7/feat_wr_data_reg[21]'
INFO: [Synth 8-3886] merging instance 'u_pool7/feat_wr_data_reg[21]' (FDCE) to 'u_pool7/feat_wr_data_reg[22]'
INFO: [Synth 8-3886] merging instance 'u_pool7/feat_wr_data_reg[22]' (FDCE) to 'u_pool7/feat_wr_data_reg[23]'
INFO: [Synth 8-3886] merging instance 'u_pool7/feat_wr_data_reg[23]' (FDCE) to 'u_pool7/feat_wr_data_reg[24]'
INFO: [Synth 8-3886] merging instance 'u_pool7/feat_wr_data_reg[24]' (FDCE) to 'u_pool7/feat_wr_data_reg[25]'
INFO: [Synth 8-3886] merging instance 'u_pool7/feat_wr_data_reg[25]' (FDCE) to 'u_pool7/feat_wr_data_reg[26]'
INFO: [Synth 8-3886] merging instance 'u_pool7/feat_wr_data_reg[26]' (FDCE) to 'u_pool7/feat_wr_data_reg[27]'
INFO: [Common 17-14] Message 'Synth 8-3886' appears 100 times and further instances of the messages will be disabled. Use the Tcl command set_msg_config to change the current settings.
