xilinx rtfpga
rt::do_reinfer_area_combined 0
INFO: [Synth 8-12192] Not enough pipeline registers after wide multiplier. Pipeline registers present is 0. Recommended levels of pipeline registers is 3. [F:/RF_cnn/CONV1_21/project_1/rtl/cnn1d_complex_conv_same_layer_fpga_mix12.v:130]
INFO: [Synth 8-12192] Not enough pipeline registers after wide multiplier. Pipeline registers present is 0. Recommended levels of pipeline registers is 3. [F:/RF_cnn/CONV1_21/project_1/rtl/cnn1d_complex_conv_same_layer_fpga_mix12.v:129]
INFO: [Synth 8-12192] Not enough pipeline registers after wide multiplier. Pipeline registers present is 0. Recommended levels of pipeline registers is 3. [F:/RF_cnn/CONV1_21/project_1/rtl/cnn1d_complex_conv_same_layer_fpga_mix12.v:128]
INFO: [Synth 8-12192] Not enough pipeline registers after wide multiplier. Pipeline registers present is 0. Recommended levels of pipeline registers is 3. [F:/RF_cnn/CONV1_21/project_1/rtl/cnn1d_complex_conv_same_layer_fpga_mix12.v:127]
INFO: [Synth 8-12192] Not enough pipeline registers after wide multiplier. Pipeline registers present is 0. Recommended levels of pipeline registers is 3. [F:/RF_cnn/CONV1_21/project_1/rtl/cnn1d_complex_conv_same_layer_fpga_mix12.v:130]
INFO: [Synth 8-12192] Not enough pipeline registers after wide multiplier. Pipeline registers present is 0. Recommended levels of pipeline registers is 3. [F:/RF_cnn/CONV1_21/project_1/rtl/cnn1d_complex_conv_same_layer_fpga_mix12.v:129]
INFO: [Synth 8-12192] Not enough pipeline registers after wide multiplier. Pipeline registers present is 0. Recommended levels of pipeline registers is 3. [F:/RF_cnn/CONV1_21/project_1/rtl/cnn1d_complex_conv_same_layer_fpga_mix12.v:128]
INFO: [Synth 8-12192] Not enough pipeline registers after wide multiplier. Pipeline registers present is 0. Recommended levels of pipeline registers is 3. [F:/RF_cnn/CONV1_21/project_1/rtl/cnn1d_complex_conv_same_layer_fpga_mix12.v:127]
DSP Report: Generating DSP u_conv7/mul_ir_term, operation Mode is: A*B.
DSP Report: operator u_conv7/mul_ir_term is absorbed into DSP u_conv7/mul_ir_term.
DSP Report: operator u_conv7/mul_ir_term is absorbed into DSP u_conv7/mul_ir_term.
DSP Report: Generating DSP u_conv7/mul_ir_term, operation Mode is: A*B.
DSP Report: operator u_conv7/mul_ir_term is absorbed into DSP u_conv7/mul_ir_term.
DSP Report: operator u_conv7/mul_ir_term is absorbed into DSP u_conv7/mul_ir_term.
DSP Report: Generating DSP u_conv7/mul_ir_term, operation Mode is: (PCIN>>17)+A*B.
DSP Report: operator u_conv7/mul_ir_term is absorbed into DSP u_conv7/mul_ir_term.
DSP Report: operator u_conv7/mul_ir_term is absorbed into DSP u_conv7/mul_ir_term.
DSP Report: Generating DSP u_conv7/mul_ri_term, operation Mode is: A*B.
DSP Report: operator u_conv7/mul_ri_term is absorbed into DSP u_conv7/mul_ri_term.
DSP Report: operator u_conv7/mul_ri_term is absorbed into DSP u_conv7/mul_ri_term.
DSP Report: Generating DSP u_conv7/mul_ri_term, operation Mode is: A*B.
DSP Report: operator u_conv7/mul_ri_term is absorbed into DSP u_conv7/mul_ri_term.
DSP Report: operator u_conv7/mul_ri_term is absorbed into DSP u_conv7/mul_ri_term.
DSP Report: Generating DSP u_conv7/mul_ri_term, operation Mode is: (PCIN>>17)+A*B.
DSP Report: operator u_conv7/mul_ri_term is absorbed into DSP u_conv7/mul_ri_term.
DSP Report: operator u_conv7/mul_ri_term is absorbed into DSP u_conv7/mul_ri_term.
DSP Report: Generating DSP u_conv7/mul_ii_term, operation Mode is: A*B.
DSP Report: operator u_conv7/mul_ii_term is absorbed into DSP u_conv7/mul_ii_term.
DSP Report: operator u_conv7/mul_ii_term is absorbed into DSP u_conv7/mul_ii_term.
DSP Report: Generating DSP u_conv7/mul_ii_term, operation Mode is: A*B.
DSP Report: operator u_conv7/mul_ii_term is absorbed into DSP u_conv7/mul_ii_term.
DSP Report: operator u_conv7/mul_ii_term is absorbed into DSP u_conv7/mul_ii_term.
DSP Report: Generating DSP u_conv7/mul_ii_term, operation Mode is: (PCIN>>17)+A*B.
DSP Report: operator u_conv7/mul_ii_term is absorbed into DSP u_conv7/mul_ii_term.
DSP Report: operator u_conv7/mul_ii_term is absorbed into DSP u_conv7/mul_ii_term.
DSP Report: Generating DSP u_conv7/mul_rr_term, operation Mode is: A*B.
DSP Report: operator u_conv7/mul_rr_term is absorbed into DSP u_conv7/mul_rr_term.
DSP Report: operator u_conv7/mul_rr_term is absorbed into DSP u_conv7/mul_rr_term.
DSP Report: Generating DSP u_conv7/mul_rr_term, operation Mode is: A*B.
DSP Report: operator u_conv7/mul_rr_term is absorbed into DSP u_conv7/mul_rr_term.
DSP Report: operator u_conv7/mul_rr_term is absorbed into DSP u_conv7/mul_rr_term.
DSP Report: Generating DSP u_conv7/mul_rr_term, operation Mode is: (PCIN>>17)+A*B.
DSP Report: operator u_conv7/mul_rr_term is absorbed into DSP u_conv7/mul_rr_term.
DSP Report: operator u_conv7/mul_rr_term is absorbed into DSP u_conv7/mul_rr_term.
DSP Report: Generating DSP u_conv6/feat_rd_addr2, operation Mode is: (D+(A:0x1))*(B:0x1f).
DSP Report: operator u_conv6/feat_rd_addr2 is absorbed into DSP u_conv6/feat_rd_addr2.
DSP Report: operator u_conv6/feat_rd_addr3 is absorbed into DSP u_conv6/feat_rd_addr2.
DSP Report: Generating DSP u_conv6/feat_wr_addr2, operation Mode is: (D+(A:0x1))*(B:0x1f).
DSP Report: operator u_conv6/feat_wr_addr2 is absorbed into DSP u_conv6/feat_wr_addr2.
DSP Report: operator u_conv6/feat_wr_addr3 is absorbed into DSP u_conv6/feat_wr_addr2.
DSP Report: Generating DSP u_conv6/mul_ir_term, operation Mode is: A*B.
DSP Report: operator u_conv6/mul_ir_term is absorbed into DSP u_conv6/mul_ir_term.
DSP Report: operator u_conv6/mul_ir_term is absorbed into DSP u_conv6/mul_ir_term.
DSP Report: Generating DSP u_conv6/mul_ir_term, operation Mode is: A*B.
DSP Report: operator u_conv6/mul_ir_term is absorbed into DSP u_conv6/mul_ir_term.
DSP Report: operator u_conv6/mul_ir_term is absorbed into DSP u_conv6/mul_ir_term.
DSP Report: Generating DSP u_conv6/mul_ir_term, operation Mode is: (PCIN>>17)+A*B.
DSP Report: operator u_conv6/mul_ir_term is absorbed into DSP u_conv6/mul_ir_term.
DSP Report: operator u_conv6/mul_ir_term is absorbed into DSP u_conv6/mul_ir_term.
DSP Report: Generating DSP u_conv6/mul_ri_term, operation Mode is: A*B.
DSP Report: operator u_conv6/mul_ri_term is absorbed into DSP u_conv6/mul_ri_term.
DSP Report: operator u_conv6/mul_ri_term is absorbed into DSP u_conv6/mul_ri_term.
DSP Report: Generating DSP u_conv6/mul_ri_term, operation Mode is: A*B.
DSP Report: operator u_conv6/mul_ri_term is absorbed into DSP u_conv6/mul_ri_term.
DSP Report: operator u_conv6/mul_ri_term is absorbed into DSP u_conv6/mul_ri_term.
DSP Report: Generating DSP u_conv6/mul_ri_term, operation Mode is: (PCIN>>17)+A*B.
DSP Report: operator u_conv6/mul_ri_term is absorbed into DSP u_conv6/mul_ri_term.
DSP Report: operator u_conv6/mul_ri_term is absorbed into DSP u_conv6/mul_ri_term.
DSP Report: Generating DSP u_conv6/mul_ii_term, operation Mode is: A*B.
DSP Report: operator u_conv6/mul_ii_term is absorbed into DSP u_conv6/mul_ii_term.
DSP Report: operator u_conv6/mul_ii_term is absorbed into DSP u_conv6/mul_ii_term.
DSP Report: Generating DSP u_conv6/mul_ii_term, operation Mode is: A*B.
DSP Report: operator u_conv6/mul_ii_term is absorbed into DSP u_conv6/mul_ii_term.
DSP Report: operator u_conv6/mul_ii_term is absorbed into DSP u_conv6/mul_ii_term.
DSP Report: Generating DSP u_conv6/mul_ii_term, operation Mode is: (PCIN>>17)+A*B.
DSP Report: operator u_conv6/mul_ii_term is absorbed into DSP u_conv6/mul_ii_term.
DSP Report: operator u_conv6/mul_ii_term is absorbed into DSP u_conv6/mul_ii_term.
DSP Report: Generating DSP u_conv6/mul_rr_term, operation Mode is: A*B.
DSP Report: operator u_conv6/mul_rr_term is absorbed into DSP u_conv6/mul_rr_term.
DSP Report: operator u_conv6/mul_rr_term is absorbed into DSP u_conv6/mul_rr_term.
DSP Report: Generating DSP u_conv6/mul_rr_term, operation Mode is: A*B.
DSP Report: operator u_conv6/mul_rr_term is absorbed into DSP u_conv6/mul_rr_term.
DSP Report: operator u_conv6/mul_rr_term is absorbed into DSP u_conv6/mul_rr_term.
DSP Report: Generating DSP u_conv6/mul_rr_term, operation Mode is: (PCIN>>17)+A*B.
DSP Report: operator u_conv6/mul_rr_term is absorbed into DSP u_conv6/mul_rr_term.
DSP Report: operator u_conv6/mul_rr_term is absorbed into DSP u_conv6/mul_rr_term.
INFO: [Synth 8-3333] propagating constant 0 across sequential element (\u_conv6/bias_addr_reg[11] )
INFO: [Synth 8-3333] propagating constant 0 across sequential element (\u_conv6/weight_addr_reg[20] )
INFO: [Synth 8-3333] propagating constant 0 across sequential element (\u_conv6/feat_wr_data_reg[47] )
INFO: [Synth 8-3333] propagating constant 0 across sequential element (\u_conv6/feat_wr_addr_reg[17] )
INFO: [Synth 8-3333] propagating constant 0 across sequential element (\u_conv7/bias_addr_reg[11] )
INFO: [Synth 8-3333] propagating constant 0 across sequential element (\u_conv7/weight_addr_reg[20] )
INFO: [Synth 8-3333] propagating constant 0 across sequential element (\u_conv7/feat_wr_data_reg[47] )
INFO: [Synth 8-3333] propagating constant 0 across sequential element (\u_conv7/feat_wr_addr_reg[17] )
INFO: [Synth 8-3333] propagating constant 0 across sequential element (\u_conv6/bias_addr_reg[10] )
INFO: [Synth 8-3333] propagating constant 0 across sequential element (\u_conv7/bias_addr_reg[10] )
